[debug] [2023-03-18T00:57:46.942Z] ----------------------------------------------------------------------
[debug] [2023-03-18T00:57:46.943Z] Command:       /usr/local/bin/node /usr/local/bin/firebase init
[debug] [2023-03-18T00:57:46.943Z] CLI Version:   11.24.1
[debug] [2023-03-18T00:57:46.943Z] Platform:      darwin
[debug] [2023-03-18T00:57:46.943Z] Node Version:  v18.15.0
[debug] [2023-03-18T00:57:46.944Z] Time:          Fri Mar 17 2023 18:57:46 GMT-0600 (Central Standard Time)
[debug] [2023-03-18T00:57:46.944Z] ----------------------------------------------------------------------
[debug] 
[debug] [2023-03-18T00:57:46.945Z] >>> [apiv2][query] GET https://firebase-public.firebaseio.com/cli.json [none]
[debug] [2023-03-18T00:57:46.965Z] > command requires scopes: ["email","openid","https://www.googleapis.com/auth/cloudplatformprojects.readonly","https://www.googleapis.com/auth/firebase","https://www.googleapis.com/auth/cloud-platform"]
[debug] [2023-03-18T00:57:46.965Z] > authorizing via signed-in user (erangel.carmona@gmail.com)
[info] 
     ######## #### ########  ######## ########     ###     ######  ########
     ##        ##  ##     ## ##       ##     ##  ##   ##  ##       ##
     ######    ##  ########  ######   ########  #########  ######  ######
     ##        ##  ##    ##  ##       ##     ## ##     ##       ## ##
     ##       #### ##     ## ######## ########  ##     ##  ######  ########

You're about to initialize a Firebase project in this directory:

  /Users/ericrangel/WebstormProjects/Personal/clientes

[debug] [2023-03-18T00:57:47.146Z] <<< [apiv2][status] GET https://firebase-public.firebaseio.com/cli.json 200
[debug] [2023-03-18T00:57:47.146Z] <<< [apiv2][body] GET https://firebase-public.firebaseio.com/cli.json {"cloudBuildErrorAfter":1594252800000,"cloudBuildWarnAfter":1590019200000,"defaultNode10After":1594252800000,"minVersion":"3.0.5","node8DeploysDisabledAfter":1613390400000,"node8RuntimeDisabledAfter":1615809600000,"node8WarnAfter":1600128000000}
